<?xml version="1.0" encoding="UTF-8"?>
<testsuite xmlns:xsi="http://www.w3.org/2001/XMLSchema-instance" xsi:noNamespaceSchemaLocation="https://maven.apache.org/surefire/maven-surefire-plugin/xsd/surefire-test-report.xsd" version="3.0.2" name="com.project.back_end.BackEndApplicationTests" time="5.716" tests="1" errors="0" skipped="0" failures="0">
  <properties>
[...]
</properties>
  <testcase name="contextLoads" classname="com.project.back_end.BackEndApplicationTests" time="0.915">
    <system-out><![CDATA[22:57:37.188 [main] INFO org.springframework.test.context.support.AnnotationConfigContextLoaderUtils -- Could not detect default configuration classes for test class [com.project.back_end.BackEndApplicationTests]: BackEndApplicationTests does not declare any static, non-private, non-final, nested classes annotated with @Configuration.
22:57:37.258 [main] INFO org.springframework.boot.test.context.SpringBootTestContextBootstrapper -- Found @SpringBootConfiguration com.project.back_end.BackEndApplication for test class com.project.back_end.BackEndApplicationTests

  .   ____          _            __ _ _
 /\\ / ___'_ __ _ _(_)_ __  __ _ \ \ \ \
( ( )\___ | '_ | '_| | '_ \/ _` | \ \ \ \
 \\/  ___)| |_)| | | | | || (_| |  ) ) ) )
  '  |____| .__|_| |_|_| |_\__, | / / / /
 =========|_|==============|___/=/_/_/_/

 :: Spring Boot ::                (v3.4.2)

2025-02-24T22:57:37.507+07:00  INFO 97493 --- [back-end] [           main] c.p.back_end.BackEndApplicationTests     : Starting BackEndApplicationTests using Java 23.0.2 with PID 97493 (started by sontbui in /Users/sontbui/Documents/workspace/do.an/back-end)
2025-02-24T22:57:37.508+07:00  INFO 97493 --- [back-end] [           main] c.p.back_end.BackEndApplicationTests     : No active profile set, falling back to 1 default profile: "default"
2025-02-24T22:57:37.932+07:00  INFO 97493 --- [back-end] [           main] .s.d.r.c.RepositoryConfigurationDelegate : Multiple Spring Data modules found, entering strict repository configuration mode
2025-02-24T22:57:37.933+07:00  INFO 97493 --- [back-end] [           main] .s.d.r.c.RepositoryConfigurationDelegate : Bootstrapping Spring Data MongoDB repositories in DEFAULT mode.
2025-02-24T22:57:37.984+07:00  INFO 97493 --- [back-end] [           main] .s.d.r.c.RepositoryConfigurationDelegate : Finished Spring Data repository scanning in 38 ms. Found 2 MongoDB repository interfaces.
2025-02-24T22:57:40.521+07:00  INFO 97493 --- [back-end] [           main] org.mongodb.driver.client                : MongoClient with metadata {"application": {"name": "Cluster-DataBase-MongoDB"}, "driver": {"name": "mongo-java-driver|sync|spring-boot", "version": "5.2.1"}, "os": {"type": "Darwin", "name": "Mac OS X", "architecture": "aarch64", "version": "14.7.4"}, "platform": "Java/Oracle Corporation/23.0.2+7-58"} created with settings MongoClientSettings{readPreference=primary, writeConcern=WriteConcern{w=majority, wTimeout=null ms, journal=null}, retryWrites=true, retryReads=true, readConcern=ReadConcern{level=null}, credential=MongoCredential{mechanism=null, userName='sonbuithanh306', source='admin', password=<hidden>, mechanismProperties=<hidden>}, transportSettings=null, commandListeners=[], codecRegistry=ProvidersCodecRegistry{codecProviders=[ValueCodecProvider{}, BsonValueCodecProvider{}, DBRefCodecProvider{}, DBObjectCodecProvider{}, DocumentCodecProvider{}, CollectionCodecProvider{}, IterableCodecProvider{}, MapCodecProvider{}, GeoJsonCodecProvider{}, GridFSFileCodecProvider{}, Jsr310CodecProvider{}, JsonObjectCodecProvider{}, BsonCodecProvider{}, EnumCodecProvider{}, com.mongodb.client.model.mql.ExpressionCodecProvider@3bfae028, com.mongodb.Jep395RecordCodecProvider@1775c4e7, com.mongodb.KotlinCodecProvider@47829d6d]}, loggerSettings=LoggerSettings{maxDocumentLength=1000}, clusterSettings={hosts=[127.0.0.1:27017], srvHost=cluster-database-mongod.fs2ls.mongodb.net, srvServiceName=mongodb, mode=MULTIPLE, requiredClusterType=REPLICA_SET, requiredReplicaSetName='atlas-8fvv5s-shard-0', serverSelector='null', clusterListeners='[]', serverSelectionTimeout='30000 ms', localThreshold='15 ms'}, socketSettings=SocketSettings{connectTimeoutMS=10000, readTimeoutMS=0, receiveBufferSize=0, proxySettings=ProxySettings{host=null, port=null, username=null, password=null}}, heartbeatSocketSettings=SocketSettings{connectTimeoutMS=10000, readTimeoutMS=10000, receiveBufferSize=0, proxySettings=ProxySettings{host=null, port=null, username=null, password=null}}, connectionPoolSettings=ConnectionPoolSettings{maxSize=100, minSize=0, maxWaitTimeMS=120000, maxConnectionLifeTimeMS=0, maxConnectionIdleTimeMS=0, maintenanceInitialDelayMS=0, maintenanceFrequencyMS=60000, connectionPoolListeners=[], maxConnecting=2}, serverSettings=ServerSettings{heartbeatFrequencyMS=10000, minHeartbeatFrequencyMS=500, serverMonitoringMode=AUTO, serverListeners='[]', serverMonitorListeners='[]'}, sslSettings=SslSettings{enabled=true, invalidHostNameAllowed=false, context=null}, applicationName='Cluster-DataBase-MongoDB', compressorList=[], uuidRepresentation=JAVA_LEGACY, serverApi=null, autoEncryptionSettings=null, dnsClient=null, inetAddressResolver=null, contextProvider=null, timeoutMS=null}
2025-02-24T22:57:41.167+07:00  WARN 97493 --- [back-end] [           main] .s.s.UserDetailsServiceAutoConfiguration : 

Using generated security password: 7f5edf06-ceee-48f5-85c0-07d3ced69475

This generated password is for development use only. Your security configuration must be updated before running your application in production.

2025-02-24T22:57:41.174+07:00  INFO 97493 --- [back-end] [           main] r$InitializeUserDetailsManagerConfigurer : Global AuthenticationManager configured with UserDetailsService bean with name inMemoryUserDetailsManager
2025-02-24T22:57:41.500+07:00  INFO 97493 --- [back-end] [2ls.mongodb.net] org.mongodb.driver.cluster               : Adding discovered server cluster-database-mongod-shard-00-00.fs2ls.mongodb.net:27017 to client view of cluster
2025-02-24T22:57:41.532+07:00  INFO 97493 --- [back-end] [2ls.mongodb.net] org.mongodb.driver.cluster               : Adding discovered server cluster-database-mongod-shard-00-01.fs2ls.mongodb.net:27017 to client view of cluster
2025-02-24T22:57:41.535+07:00  INFO 97493 --- [back-end] [2ls.mongodb.net] org.mongodb.driver.cluster               : Adding discovered server cluster-database-mongod-shard-00-02.fs2ls.mongodb.net:27017 to client view of cluster
2025-02-24T22:57:41.854+07:00  INFO 97493 --- [back-end] [           main] c.p.back_end.BackEndApplicationTests     : Started BackEndApplicationTests in 4.512 seconds (process running for 5.126)
2025-02-24T22:57:42.452+07:00  INFO 97493 --- [back-end] [ngodb.net:27017] org.mongodb.driver.cluster               : Monitor thread successfully connected to server with description ServerDescription{address=cluster-database-mongod-shard-00-01.fs2ls.mongodb.net:27017, type=REPLICA_SET_SECONDARY, cryptd=false, state=CONNECTED, ok=true, minWireVersion=0, maxWireVersion=25, maxDocumentSize=16777216, logicalSessionTimeoutMinutes=30, roundTripTimeNanos=553262167, minRoundTripTimeNanos=0, setName='atlas-8fvv5s-shard-0', canonicalAddress=cluster-database-mongod-shard-00-01.fs2ls.mongodb.net:27017, hosts=[cluster-database-mongod-shard-00-01.fs2ls.mongodb.net:27017, cluster-database-mongod-shard-00-00.fs2ls.mongodb.net:27017, cluster-database-mongod-shard-00-02.fs2ls.mongodb.net:27017], passives=[], arbiters=[], primary='cluster-database-mongod-shard-00-02.fs2ls.mongodb.net:27017', tagSet=TagSet{[Tag{name='availabilityZone', value='ape1-az2'}, Tag{name='diskState', value='READY'}, Tag{name='nodeType', value='ELECTABLE'}, Tag{name='provider', value='AWS'}, Tag{name='region', value='AP_EAST_1'}, Tag{name='workloadType', value='OPERATIONAL'}]}, electionId=null, setVersion=6, topologyVersion=TopologyVersion{processId=67acb7b27e3df612318b4e85, counter=3}, lastWriteDate=Mon Feb 24 22:57:42 GMT+07:00 2025, lastUpdateTimeNanos=177235259577125}
2025-02-24T22:57:42.452+07:00  INFO 97493 --- [back-end] [ngodb.net:27017] org.mongodb.driver.cluster               : Monitor thread successfully connected to server with description ServerDescription{address=cluster-database-mongod-shard-00-00.fs2ls.mongodb.net:27017, type=REPLICA_SET_SECONDARY, cryptd=false, state=CONNECTED, ok=true, minWireVersion=0, maxWireVersion=25, maxDocumentSize=16777216, logicalSessionTimeoutMinutes=30, roundTripTimeNanos=553302000, minRoundTripTimeNanos=0, setName='atlas-8fvv5s-shard-0', canonicalAddress=cluster-database-mongod-shard-00-00.fs2ls.mongodb.net:27017, hosts=[cluster-database-mongod-shard-00-01.fs2ls.mongodb.net:27017, cluster-database-mongod-shard-00-00.fs2ls.mongodb.net:27017, cluster-database-mongod-shard-00-02.fs2ls.mongodb.net:27017], passives=[], arbiters=[], primary='cluster-database-mongod-shard-00-02.fs2ls.mongodb.net:27017', tagSet=TagSet{[Tag{name='availabilityZone', value='ape1-az1'}, Tag{name='diskState', value='READY'}, Tag{name='nodeType', value='ELECTABLE'}, Tag{name='provider', value='AWS'}, Tag{name='region', value='AP_EAST_1'}, Tag{name='workloadType', value='OPERATIONAL'}]}, electionId=null, setVersion=6, topologyVersion=TopologyVersion{processId=67acb07cfc5c0060d170121c, counter=4}, lastWriteDate=Mon Feb 24 22:57:42 GMT+07:00 2025, lastUpdateTimeNanos=177235259494875}
2025-02-24T22:57:42.452+07:00  INFO 97493 --- [back-end] [ngodb.net:27017] org.mongodb.driver.cluster               : Monitor thread successfully connected to server with description ServerDescription{address=cluster-database-mongod-shard-00-02.fs2ls.mongodb.net:27017, type=REPLICA_SET_PRIMARY, cryptd=false, state=CONNECTED, ok=true, minWireVersion=0, maxWireVersion=25, maxDocumentSize=16777216, logicalSessionTimeoutMinutes=30, roundTripTimeNanos=556123250, minRoundTripTimeNanos=0, setName='atlas-8fvv5s-shard-0', canonicalAddress=cluster-database-mongod-shard-00-02.fs2ls.mongodb.net:27017, hosts=[cluster-database-mongod-shard-00-01.fs2ls.mongodb.net:27017, cluster-database-mongod-shard-00-00.fs2ls.mongodb.net:27017, cluster-database-mongod-shard-00-02.fs2ls.mongodb.net:27017], passives=[], arbiters=[], primary='cluster-database-mongod-shard-00-02.fs2ls.mongodb.net:27017', tagSet=TagSet{[Tag{name='availabilityZone', value='ape1-az3'}, Tag{name='diskState', value='READY'}, Tag{name='nodeType', value='ELECTABLE'}, Tag{name='provider', value='AWS'}, Tag{name='region', value='AP_EAST_1'}, Tag{name='workloadType', value='OPERATIONAL'}]}, electionId=7fffffff0000000000000052, setVersion=6, topologyVersion=TopologyVersion{processId=67acb4911befe5cebd5d6424, counter=6}, lastWriteDate=Mon Feb 24 22:57:42 GMT+07:00 2025, lastUpdateTimeNanos=177235259375833}
2025-02-24T22:57:42.460+07:00  INFO 97493 --- [back-end] [ngodb.net:27017] org.mongodb.driver.cluster               : Discovered replica set primary cluster-database-mongod-shard-00-02.fs2ls.mongodb.net:27017 with max election id 7fffffff0000000000000052 and max set version 6
]]></system-out>
    <system-err><![CDATA[Mockito is currently self-attaching to enable the inline-mock-maker. This will no longer work in future releases of the JDK. Please add Mockito as an agent to your build what is described in Mockito's documentation: https://javadoc.io/doc/org.mockito/mockito-core/latest/org/mockito/Mockito.html#0.3
WARNING: A Java agent has been loaded dynamically (/Users/sontbui/.m2/repository/net/bytebuddy/byte-buddy-agent/1.15.11/byte-buddy-agent-1.15.11.jar)
WARNING: If a serviceability tool is in use, please run with -XX:+EnableDynamicAgentLoading to hide this warning
WARNING: If a serviceability tool is not in use, please run with -Djdk.instrument.traceUsage for more information
WARNING: Dynamic loading of agents will be disallowed by default in a future release
]]></system-err>
  </testcase>
</testsuite>